Transformer(8.4.6024.0)  Wed Jun 22 10:27:24 2011

LogFileDirectory=C:\edw80101u\cognos\edw\logs\
ModelSaveDirectory=C:\edw80101u\cognos\edw\transformer_models\win\
DataSourceDirectory=..\data\
CubeSaveDirectory=C:\edw80101u\cognos\edw\cubes\
DataWorkDirectory=..\temp\
ModelWorkDirectory=C:\edw80101u\cognos\edw\work\
MaxTransactionNum=2000000
Product locale: English (en)
Run locale: English (United States) (en-us)

Wed 22 Jun 2011 10:27:27 AM	4	000065F9	Start cube update.
Wed 22 Jun 2011 10:27:27 AM	4	000065F9	Initializing categories.
Wed 22 Jun 2011 10:27:27 AM	4	000065F9	Timing, INITIALIZING CATEGORIES,00:00:00
Wed 22 Jun 2011 10:27:27 AM	4	000065F9	Start processing data source 'EDW Recruiting And Admission~1'.
Wed 22 Jun 2011 10:27:27 AM	4	000065F9	Reading source data.
Wed 22 Jun 2011 10:27:32 AM	4	000065F9	Timing, OPEN DATA SOURCE,00:00:05
Wed 22 Jun 2011 10:27:32 AM	4	000065F9	End processing 0 records from data source 'EDW Recruiting And Admission~1'.
Wed 22 Jun 2011 10:27:32 AM	4	000065F9	Timing, READ DATA SOURCE,00:00:05
Wed 22 Jun 2011 10:27:32 AM	4	000065F9	Marking categories used.
Wed 22 Jun 2011 10:27:32 AM	4	000065F9	Timing, MARKING CATEGORIES USED,00:00:00
Wed 22 Jun 2011 10:27:32 AM	4	000065F9	Updating category status.
Wed 22 Jun 2011 10:27:32 AM	4	000065F9	Processing the work file.
Wed 22 Jun 2011 10:27:32 AM	3	000001F9	(TR0220) The temporary file for PowerCube 'WFT_RECRUITING_AND_ADMISSION' is empty. Check that your source file contains data. [->OK]
Wed 22 Jun 2011 10:27:32 AM	4	000065F9	Updating the PowerCube with optimized metadata.
Wed 22 Jun 2011 10:27:32 AM	4	000065F9	End cube update.
Wed 22 Jun 2011 10:27:32 AM	4	000065F9	Timing, TOTAL TIME (CREATE CUBE),00:00:05
Transformer  Wed Jun 22 10:27:32 2011
