Transformer(8.4.6018.0)  Wed Jun 30 08:21:38 2010

LogFileDirectory=c:\edw80101u\cognos\edw\logs\
ModelSaveDirectory=c:\edw80101u\cognos\edw\transformer_models\win\
DataSourceDirectory=..\data\
CubeSaveDirectory=c:\edw80101u\cognos\edw\cubes\
DataWorkDirectory=..\temp\
ModelWorkDirectory=..\temp\
MaxTransactionNum=500000
Product locale: English (en)
Run locale: English (United States) (en-us)

Wed 30 Jun 2010 8:21:39 AM	4	00022161	(TR0646) Column or filter 'Academic Period Description' is based on reference '[Impact Of Aid On New Enrollment].[Financial Aid Time].[Academic Period Description]' which cannot be found in package or report 'PM Impact Of Aid On New Enrollment'.
Wed 30 Jun 2010 8:21:40 AM	4	00022161	(TR0646) Column or filter 'Aid Year Description' is based on reference '[Impact Of Aid On New Enrollment].[Financial Aid Time].[Aid Year Description]' which cannot be found in package or report 'PM Impact Of Aid On New Enrollment'.
Wed 30 Jun 2010 8:21:40 AM	4	00022161	(TR0646) Column or filter 'Aid Period Description' is based on reference '[Impact Of Aid On New Enrollment].[Financial Aid Application].[Aid Period Description]' which cannot be found in package or report 'PM Impact Of Aid On New Enrollment'.
Wed 30 Jun 2010 8:21:41 AM	4	00022161	(TR0646) Column or filter 'Budget Group Description' is based on reference '[Impact Of Aid On New Enrollment].[Financial Aid Application].[Budget Group Description]' which cannot be found in package or report 'PM Impact Of Aid On New Enrollment'.
Wed 30 Jun 2010 8:21:41 AM	4	00022161	(TR0646) Column or filter 'Dependent Ind Description' is based on reference '[Impact Of Aid On New Enrollment].[Financial Aid Application].[Dependent Ind Description]' which cannot be found in package or report 'PM Impact Of Aid On New Enrollment'.
Wed 30 Jun 2010 8:21:42 AM	4	00022161	(TR0646) Column or filter 'Packaging Group Description' is based on reference '[Impact Of Aid On New Enrollment].[Financial Aid Application].[Packaging Group Description]' which cannot be found in package or report 'PM Impact Of Aid On New Enrollment'.
Wed 30 Jun 2010 8:21:42 AM	4	00022161	(TR0646) Column or filter 'Cost Of Attendance Range Order' is based on reference '[Impact Of Aid On New Enrollment].[Financial Aid Application].[Cost Of Attendance Range Order]' which cannot be found in package or report 'PM Impact Of Aid On New Enrollment'.
Wed 30 Jun 2010 8:21:43 AM	4	00022161	(TR0646) Column or filter 'Total Resource Amount Range Order' is based on reference '[Impact Of Aid On New Enrollment].[Financial Aid Application].[Total Resource Amount Range Order]' which cannot be found in package or report 'PM Impact Of Aid On New Enrollment'.
Wed 30 Jun 2010 8:21:43 AM	4	00022161	(TR0646) Column or filter 'Packaging Complete Ind Description' is based on reference '[Impact Of Aid On New Enrollment].[Financial Aid Application].[Packaging Complete Ind Description]' which cannot be found in package or report 'PM Impact Of Aid On New Enrollment'.
Wed 30 Jun 2010 8:21:44 AM	4	00022161	(TR0646) Column or filter 'FM Expected Family Contribution Range Order' is based on reference '[Impact Of Aid On New Enrollment].[Financial Aid Application].[FM Expected Family Contribution Range Order]' which cannot be found in package or report 'PM Impact Of Aid On New Enrollment'.
Wed 30 Jun 2010 8:21:44 AM	4	00022161	(TR0646) Column or filter 'FM Gross Need Range Order' is based on reference '[Impact Of Aid On New Enrollment].[Financial Aid Application].[FM Gross Need Range Order]' which cannot be found in package or report 'PM Impact Of Aid On New Enrollment'.
Wed 30 Jun 2010 8:21:45 AM	4	00022161	(TR0646) Column or filter 'FM Parent Contribution Range Order' is based on reference '[Impact Of Aid On New Enrollment].[Financial Aid Application].[FM Parent Contribution Range Order]' which cannot be found in package or report 'PM Impact Of Aid On New Enrollment'.
Wed 30 Jun 2010 8:21:46 AM	4	00022161	(TR0646) Column or filter 'FM Student Contribution Range Order' is based on reference '[Impact Of Aid On New Enrollment].[Financial Aid Application].[FM Student Contribution Range Order]' which cannot be found in package or report 'PM Impact Of Aid On New Enrollment'.
Wed 30 Jun 2010 8:21:46 AM	4	00022161	(TR0646) Column or filter 'FM Total Family Income Range Order' is based on reference '[Impact Of Aid On New Enrollment].[Financial Aid Application].[FM Total Family Income Range Order]' which cannot be found in package or report 'PM Impact Of Aid On New Enrollment'.
Wed 30 Jun 2010 8:21:47 AM	4	00022161	(TR0646) Column or filter 'FM Unmet Need Range Order' is based on reference '[Impact Of Aid On New Enrollment].[Financial Aid Application].[FM Unmet Need Range Order]' which cannot be found in package or report 'PM Impact Of Aid On New Enrollment'.
Wed 30 Jun 2010 8:21:47 AM	4	00022161	(TR0646) Column or filter 'FM Need Eligible Ind Description' is based on reference '[Impact Of Aid On New Enrollment].[Financial Aid Application].[FM Need Eligible Ind Description]' which cannot be found in package or report 'PM Impact Of Aid On New Enrollment'.
Wed 30 Jun 2010 8:21:48 AM	4	00022161	(TR0646) Column or filter 'FM Fully Met Need Ind Description' is based on reference '[Impact Of Aid On New Enrollment].[Financial Aid Application].[FM Fully Met Need Ind Description]' which cannot be found in package or report 'PM Impact Of Aid On New Enrollment'.
Wed 30 Jun 2010 8:21:48 AM	4	00022161	(TR0646) Column or filter 'IM Expected Family Contribution Range Order' is based on reference '[Impact Of Aid On New Enrollment].[Financial Aid Application].[IM Expected Family Contribution Range Order]' which cannot be found in package or report 'PM Impact Of Aid On New Enrollment'.
Wed 30 Jun 2010 8:21:49 AM	4	00022161	(TR0646) Column or filter 'IM Gross Need Range Order' is based on reference '[Impact Of Aid On New Enrollment].[Financial Aid Application].[IM Gross Need Range Order]' which cannot be found in package or report 'PM Impact Of Aid On New Enrollment'.
Wed 30 Jun 2010 8:21:49 AM	4	00022161	(TR0646) Column or filter 'IM Parent Contribution Range Order' is based on reference '[Impact Of Aid On New Enrollment].[Financial Aid Application].[IM Parent Contribution Range Order]' which cannot be found in package or report 'PM Impact Of Aid On New Enrollment'.
Wed 30 Jun 2010 8:21:50 AM	4	00022161	(TR0646) Column or filter 'IM Student Contribution Range Order' is based on reference '[Impact Of Aid On New Enrollment].[Financial Aid Application].[IM Student Contribution Range Order]' which cannot be found in package or report 'PM Impact Of Aid On New Enrollment'.
Wed 30 Jun 2010 8:21:51 AM	4	00022161	(TR0646) Column or filter 'IM Total Family Income Range Order' is based on reference '[Impact Of Aid On New Enrollment].[Financial Aid Application].[IM Total Family Income Range Order]' which cannot be found in package or report 'PM Impact Of Aid On New Enrollment'.
Wed 30 Jun 2010 8:21:51 AM	4	00022161	(TR0646) Column or filter 'IM Unmet Need Range Order' is based on reference '[Impact Of Aid On New Enrollment].[Financial Aid Application].[IM Unmet Need Range Order]' which cannot be found in package or report 'PM Impact Of Aid On New Enrollment'.
Wed 30 Jun 2010 8:21:52 AM	4	00022161	(TR0646) Column or filter 'Aid Applicant Ind' is based on reference '[Impact Of Aid On New Enrollment].[Financial Aid Headcounts And Indicators].[Aid Applicant Ind]' which cannot be found in package or report 'PM Impact Of Aid On New Enrollment'.
Wed 30 Jun 2010 8:21:52 AM	4	00022161	(TR0646) Column or filter 'Aid Offered Ind' is based on reference '[Impact Of Aid On New Enrollment].[Financial Aid Headcounts And Indicators].[Aid Offered Ind]' which cannot be found in package or report 'PM Impact Of Aid On New Enrollment'.
Wed 30 Jun 2010 8:21:53 AM	4	00022161	(TR0646) Column or filter 'Aid Accepted Ind' is based on reference '[Impact Of Aid On New Enrollment].[Financial Aid Headcounts And Indicators].[Aid Accepted Ind]' which cannot be found in package or report 'PM Impact Of Aid On New Enrollment'.
Wed 30 Jun 2010 8:21:53 AM	4	00022161	(TR0646) Column or filter 'Aid Declined Ind' is based on reference '[Impact Of Aid On New Enrollment].[Financial Aid Headcounts And Indicators].[Aid Declined Ind]' which cannot be found in package or report 'PM Impact Of Aid On New Enrollment'.
Wed 30 Jun 2010 8:21:54 AM	4	00022161	(TR0646) Column or filter 'Aid Paid Ind' is based on reference '[Impact Of Aid On New Enrollment].[Financial Aid Headcounts And Indicators].[Aid Paid Ind]' which cannot be found in package or report 'PM Impact Of Aid On New Enrollment'.
Wed 30 Jun 2010 8:21:54 AM	4	00022161	(TR0646) Column or filter 'Aid Canceled Ind' is based on reference '[Impact Of Aid On New Enrollment].[Financial Aid Headcounts And Indicators].[Aid Canceled Ind]' which cannot be found in package or report 'PM Impact Of Aid On New Enrollment'.
Wed 30 Jun 2010 8:21:55 AM	4	00022161	(TR0646) Column or filter 'Gender Description' is based on reference '[Impact Of Aid On New Enrollment].[Demographic].[Gender Description]' which cannot be found in package or report 'PM Impact Of Aid On New Enrollment'.
Wed 30 Jun 2010 8:21:55 AM	4	00022161	(TR0646) Column or filter 'Legacy Description' is based on reference '[Impact Of Aid On New Enrollment].[Demographic].[Legacy Description]' which cannot be found in package or report 'PM Impact Of Aid On New Enrollment'.
Wed 30 Jun 2010 8:21:56 AM	4	00022161	(TR0646) Column or filter 'Marital Status Description' is based on reference '[Impact Of Aid On New Enrollment].[Demographic].[Marital Status Description]' which cannot be found in package or report 'PM Impact Of Aid On New Enrollment'.
Wed 30 Jun 2010 8:21:56 AM	4	00022161	(TR0646) Column or filter 'Minority Ind Description' is based on reference '[Impact Of Aid On New Enrollment].[Demographic].[Minority Ind Description]' which cannot be found in package or report 'PM Impact Of Aid On New Enrollment'.
Wed 30 Jun 2010 8:21:57 AM	4	00022161	(TR0646) Column or filter 'Primary Disability Description' is based on reference '[Impact Of Aid On New Enrollment].[Demographic].[Primary Disability Description]' which cannot be found in package or report 'PM Impact Of Aid On New Enrollment'.
Wed 30 Jun 2010 8:21:57 AM	4	00022161	(TR0646) Column or filter 'Religion Description' is based on reference '[Impact Of Aid On New Enrollment].[Demographic].[Religion Description]' which cannot be found in package or report 'PM Impact Of Aid On New Enrollment'.
Wed 30 Jun 2010 8:21:58 AM	4	00022161	(TR0646) Column or filter 'Traditional Student Ind Description' is based on reference '[Impact Of Aid On New Enrollment].[Demographic].[Traditional Student Ind Description]' which cannot be found in package or report 'PM Impact Of Aid On New Enrollment'.
Wed 30 Jun 2010 8:21:59 AM	4	00022161	(TR0646) Column or filter 'Citizenship Ind Description' is based on reference '[Impact Of Aid On New Enrollment].[Demographic].[Citizenship Ind Description]' which cannot be found in package or report 'PM Impact Of Aid On New Enrollment'.
Wed 30 Jun 2010 8:21:59 AM	4	00022161	(TR0646) Column or filter 'Citizenship Type Description' is based on reference '[Impact Of Aid On New Enrollment].[Demographic].[Citizenship Type Description]' which cannot be found in package or report 'PM Impact Of Aid On New Enrollment'.
Wed 30 Jun 2010 8:22:00 AM	4	00022161	(TR0646) Column or filter 'Nation Of Citizenship Description' is based on reference '[Impact Of Aid On New Enrollment].[Demographic].[Nation Of Citizenship Description]' which cannot be found in package or report 'PM Impact Of Aid On New Enrollment'.
Wed 30 Jun 2010 8:22:01 AM	4	00022161	(TR0646) Column or filter 'Visa Type Description' is based on reference '[Impact Of Aid On New Enrollment].[Demographic].[Visa Type Description]' which cannot be found in package or report 'PM Impact Of Aid On New Enrollment'.
Wed 30 Jun 2010 8:22:01 AM	4	00022161	(TR0646) Column or filter 'Ethnicity Category Description' is based on reference '[Impact Of Aid On New Enrollment].[Demographic].[Ethnicity Category Description]' which cannot be found in package or report 'PM Impact Of Aid On New Enrollment'.
Wed 30 Jun 2010 8:22:02 AM	4	00022161	(TR0646) Column or filter 'Ethnicity Description' is based on reference '[Impact Of Aid On New Enrollment].[Demographic].[Ethnicity Description]' which cannot be found in package or report 'PM Impact Of Aid On New Enrollment'.
Wed 30 Jun 2010 8:22:02 AM	4	00022161	(TR0646) Column or filter 'Veteran Category Description' is based on reference '[Impact Of Aid On New Enrollment].[Demographic].[Veteran Category Description]' which cannot be found in package or report 'PM Impact Of Aid On New Enrollment'.
Wed 30 Jun 2010 8:22:03 AM	4	00022161	(TR0646) Column or filter 'Veteran Type Description' is based on reference '[Impact Of Aid On New Enrollment].[Demographic].[Veteran Type Description]' which cannot be found in package or report 'PM Impact Of Aid On New Enrollment'.
Wed 30 Jun 2010 8:22:03 AM	4	00022161	(TR0646) Column or filter 'Secondary School Name' is based on reference '[Impact Of Aid On New Enrollment].[Secondary School].[Secondary School Name]' which cannot be found in package or report 'PM Impact Of Aid On New Enrollment'.
Wed 30 Jun 2010 8:22:04 AM	4	00022161	(TR0646) Column or filter 'Secondary School College Prep Ind' is based on reference '[Impact Of Aid On New Enrollment].[Secondary School].[Secondary School College Prep Ind]' which cannot be found in package or report 'PM Impact Of Aid On New Enrollment'.
Wed 30 Jun 2010 8:22:04 AM	4	00022161	(TR0646) Column or filter 'Secondary Diploma Description' is based on reference '[Impact Of Aid On New Enrollment].[Secondary School].[Secondary Diploma Description]' which cannot be found in package or report 'PM Impact Of Aid On New Enrollment'.
Wed 30 Jun 2010 8:22:05 AM	4	00022161	(TR0646) Column or filter 'Secondary GPA Range Description' is based on reference '[Impact Of Aid On New Enrollment].[Secondary School].[Secondary GPA Range Description]' which cannot be found in package or report 'PM Impact Of Aid On New Enrollment'.
Wed 30 Jun 2010 8:22:05 AM	4	00022161	(TR0646) Column or filter 'Secondary Percentile Range Description' is based on reference '[Impact Of Aid On New Enrollment].[Secondary School].[Secondary Percentile Range Description]' which cannot be found in package or report 'PM Impact Of Aid On New Enrollment'.
Wed 30 Jun 2010 8:22:06 AM	4	00022161	(TR0646) Column or filter 'Secondary School Geographic Region Description' is based on reference '[Impact Of Aid On New Enrollment].[Secondary School].[Secondary School Geographic Region Description]' which cannot be found in package or report 'PM Impact Of Aid On New Enrollment'.
Wed 30 Jun 2010 8:22:06 AM	4	00022161	(TR0646) Column or filter 'Secondary School Nation Description' is based on reference '[Impact Of Aid On New Enrollment].[Secondary School].[Secondary School Nation Description]' which cannot be found in package or report 'PM Impact Of Aid On New Enrollment'.
Wed 30 Jun 2010 8:22:07 AM	4	00022161	(TR0646) Column or filter 'Secondary School State Province Description' is based on reference '[Impact Of Aid On New Enrollment].[Secondary School].[Secondary School State Province Description]' which cannot be found in package or report 'PM Impact Of Aid On New Enrollment'.
Wed 30 Jun 2010 8:22:07 AM	4	00022161	(TR0646) Column or filter 'Secondary School County Description' is based on reference '[Impact Of Aid On New Enrollment].[Secondary School].[Secondary School County Description]' which cannot be found in package or report 'PM Impact Of Aid On New Enrollment'.
Wed 30 Jun 2010 8:22:08 AM	4	00022161	(TR0646) Column or filter 'Secondary School Postal Code' is based on reference '[Impact Of Aid On New Enrollment].[Secondary School].[Secondary School Postal Code]' which cannot be found in package or report 'PM Impact Of Aid On New Enrollment'.
Wed 30 Jun 2010 8:22:08 AM	4	00022161	(TR0646) Column or filter 'Secondary School GPA' is based on reference '[Impact Of Aid On New Enrollment].[Secondary School].[Secondary School GPA]' which cannot be found in package or report 'PM Impact Of Aid On New Enrollment'.
Wed 30 Jun 2010 8:22:09 AM	4	00022161	(TR0646) Column or filter 'Secondary School Percentile' is based on reference '[Impact Of Aid On New Enrollment].[Secondary School].[Secondary School Percentile]' which cannot be found in package or report 'PM Impact Of Aid On New Enrollment'.
Wed 30 Jun 2010 8:22:09 AM	4	00022161	(TR0646) Column or filter 'ACT Composite Score Range Description' is based on reference '[Impact Of Aid On New Enrollment].[Test].[ACT Composite Score Range Description]' which cannot be found in package or report 'PM Impact Of Aid On New Enrollment'.
Wed 30 Jun 2010 8:22:10 AM	4	00022161	(TR0646) Column or filter 'Highest ACT Composite' is based on reference '[Impact Of Aid On New Enrollment].[Test].[Highest ACT Composite]' which cannot be found in package or report 'PM Impact Of Aid On New Enrollment'.
Wed 30 Jun 2010 8:22:10 AM	4	00022161	(TR0646) Column or filter 'SAT Combined Score Range Description' is based on reference '[Impact Of Aid On New Enrollment].[Test].[SAT Combined Score Range Description]' which cannot be found in package or report 'PM Impact Of Aid On New Enrollment'.
Wed 30 Jun 2010 8:22:11 AM	4	00022161	(TR0646) Column or filter 'Highest SAT Combined' is based on reference '[Impact Of Aid On New Enrollment].[Test].[Highest SAT Combined]' which cannot be found in package or report 'PM Impact Of Aid On New Enrollment'.
Wed 30 Jun 2010 8:22:12 AM	4	00022161	(TR0646) Column or filter 'IM Need Eligible Ind Description' is based on reference '[Impact Of Aid On New Enrollment].[Financial Aid Application].[IM Need Eligible Ind Description]' which cannot be found in package or report 'PM Impact Of Aid On New Enrollment'.
Wed 30 Jun 2010 8:22:12 AM	4	00022161	(TR0646) Column or filter 'IM Fully Met Need Ind Description' is based on reference '[Impact Of Aid On New Enrollment].[Financial Aid Application].[IM Fully Met Need Ind Description]' which cannot be found in package or report 'PM Impact Of Aid On New Enrollment'.
Wed 30 Jun 2010 8:22:13 AM	4	00022161	(TR0646) Column or filter 'Student Level Description' is based on reference '[Impact Of Aid On New Enrollment].[Academic Study].[Student Level Description]' which cannot be found in package or report 'PM Impact Of Aid On New Enrollment'.
Wed 30 Jun 2010 8:22:13 AM	4	00022161	(TR0646) Column or filter 'Program Description' is based on reference '[Impact Of Aid On New Enrollment].[Academic Study].[Program Description]' which cannot be found in package or report 'PM Impact Of Aid On New Enrollment'.
Wed 30 Jun 2010 8:22:14 AM	4	00022161	(TR0646) Column or filter 'Campus Description' is based on reference '[Impact Of Aid On New Enrollment].[Academic Study].[Campus Description]' which cannot be found in package or report 'PM Impact Of Aid On New Enrollment'.
Wed 30 Jun 2010 8:22:14 AM	4	00022161	(TR0646) Column or filter 'College Description' is based on reference '[Impact Of Aid On New Enrollment].[Academic Study].[College Description]' which cannot be found in package or report 'PM Impact Of Aid On New Enrollment'.
Wed 30 Jun 2010 8:22:15 AM	4	00022161	(TR0646) Column or filter 'Degree Description' is based on reference '[Impact Of Aid On New Enrollment].[Academic Study].[Degree Description]' which cannot be found in package or report 'PM Impact Of Aid On New Enrollment'.
Wed 30 Jun 2010 8:22:15 AM	4	00022161	(TR0646) Column or filter 'Major Description' is based on reference '[Impact Of Aid On New Enrollment].[Academic Study].[Major Description]' which cannot be found in package or report 'PM Impact Of Aid On New Enrollment'.
Wed 30 Jun 2010 8:22:16 AM	4	00022161	(TR0646) Column or filter 'Department Description' is based on reference '[Impact Of Aid On New Enrollment].[Academic Study].[Department Description]' which cannot be found in package or report 'PM Impact Of Aid On New Enrollment'.
Wed 30 Jun 2010 8:22:16 AM	4	00022161	(TR0646) Column or filter 'Application Complete Ind Description' is based on reference '[Impact Of Aid On New Enrollment].[Relevant Admissions Record].[Application Complete Ind Description]' which cannot be found in package or report 'PM Impact Of Aid On New Enrollment'.
Wed 30 Jun 2010 8:22:17 AM	4	00022161	(TR0646) Column or filter 'Admit Age Range Order' is based on reference '[Impact Of Aid On New Enrollment].[Relevant Admissions Record].[Admit Age Range Order]' which cannot be found in package or report 'PM Impact Of Aid On New Enrollment'.
Wed 30 Jun 2010 8:22:17 AM	4	00022161	(TR0646) Column or filter 'FM Need Eligible Ind' is based on reference '[Impact Of Aid On New Enrollment].[Financial Aid Application].[FM Need Eligible Ind]' which cannot be found in package or report 'PM Impact Of Aid On New Enrollment'.
Wed 30 Jun 2010 8:22:18 AM	4	00022161	(TR0646) Column or filter 'FM Fully Met Need Ind' is based on reference '[Impact Of Aid On New Enrollment].[Financial Aid Application].[FM Fully Met Need Ind]' which cannot be found in package or report 'PM Impact Of Aid On New Enrollment'.
Wed 30 Jun 2010 8:22:18 AM	4	00022161	(TR0646) Column or filter 'FM Gross Need Range' is based on reference '[Impact Of Aid On New Enrollment].[Financial Aid Application].[FM Gross Need Range]' which cannot be found in package or report 'PM Impact Of Aid On New Enrollment'.
Wed 30 Jun 2010 8:22:19 AM	4	00022161	(TR0646) Column or filter 'FM Unmet Need Range' is based on reference '[Impact Of Aid On New Enrollment].[Financial Aid Application].[FM Unmet Need Range]' which cannot be found in package or report 'PM Impact Of Aid On New Enrollment'.
Wed 30 Jun 2010 8:22:20 AM	4	00022161	(TR0646) Column or filter 'IM Gross Need Range' is based on reference '[Impact Of Aid On New Enrollment].[Financial Aid Application].[IM Gross Need Range]' which cannot be found in package or report 'PM Impact Of Aid On New Enrollment'.
Wed 30 Jun 2010 8:22:20 AM	4	00022161	(TR0646) Column or filter 'IM Unmet Need Range' is based on reference '[Impact Of Aid On New Enrollment].[Financial Aid Application].[IM Unmet Need Range]' which cannot be found in package or report 'PM Impact Of Aid On New Enrollment'.
Wed 30 Jun 2010 8:22:21 AM	4	00022161	(TR0646) Column or filter 'IM Need Eligible Ind' is based on reference '[Impact Of Aid On New Enrollment].[Financial Aid Application].[IM Need Eligible Ind]' which cannot be found in package or report 'PM Impact Of Aid On New Enrollment'.
Wed 30 Jun 2010 8:22:21 AM	4	00022161	(TR0646) Column or filter 'IM Fully Met Need Ind' is based on reference '[Impact Of Aid On New Enrollment].[Financial Aid Application].[IM Fully Met Need Ind]' which cannot be found in package or report 'PM Impact Of Aid On New Enrollment'.
Wed 30 Jun 2010 8:22:22 AM	4	00022161	(TR0646) Column or filter 'Academic Period' is based on reference '[Impact Of Aid On New Enrollment].[Financial Aid Time].[Academic Period]' which cannot be found in package or report 'PM Impact Of Aid On New Enrollment'.
Wed 30 Jun 2010 8:22:22 AM	4	00022161	(TR0646) Column or filter 'Academic Period Type' is based on reference '[Impact Of Aid On New Enrollment].[Financial Aid Time].[Academic Period Type]' which cannot be found in package or report 'PM Impact Of Aid On New Enrollment'.
Wed 30 Jun 2010 8:22:23 AM	4	00022161	(TR0646) Column or filter 'Aid Year' is based on reference '[Impact Of Aid On New Enrollment].[Financial Aid Time].[Aid Year]' which cannot be found in package or report 'PM Impact Of Aid On New Enrollment'.
Wed 30 Jun 2010 8:22:23 AM	4	00022161	(TR0646) Column or filter 'Academic Year' is based on reference '[Impact Of Aid On New Enrollment].[Financial Aid Time].[Academic Year]' which cannot be found in package or report 'PM Impact Of Aid On New Enrollment'.
Wed 30 Jun 2010 8:22:24 AM	4	00022161	(TR0646) Column or filter 'Academic Year Description' is based on reference '[Impact Of Aid On New Enrollment].[Financial Aid Time].[Academic Year Description]' which cannot be found in package or report 'PM Impact Of Aid On New Enrollment'.
Wed 30 Jun 2010 8:22:24 AM	4	00022161	(TR0646) Column or filter 'Dependent Ind' is based on reference '[Impact Of Aid On New Enrollment].[Financial Aid Application].[Dependent Ind]' which cannot be found in package or report 'PM Impact Of Aid On New Enrollment'.
Wed 30 Jun 2010 8:22:25 AM	4	00022161	(TR0646) Column or filter 'Total Resource Amount Range' is based on reference '[Impact Of Aid On New Enrollment].[Financial Aid Application].[Total Resource Amount Range]' which cannot be found in package or report 'PM Impact Of Aid On New Enrollment'.
Wed 30 Jun 2010 8:22:25 AM	4	00022161	(TR0646) Column or filter 'Packaging Complete Ind' is based on reference '[Impact Of Aid On New Enrollment].[Financial Aid Application].[Packaging Complete Ind]' which cannot be found in package or report 'PM Impact Of Aid On New Enrollment'.
Wed 30 Jun 2010 8:22:26 AM	4	00022161	(TR0646) Column or filter 'FM Expected Family Contribution Range' is based on reference '[Impact Of Aid On New Enrollment].[Financial Aid Application].[FM Expected Family Contribution Range]' which cannot be found in package or report 'PM Impact Of Aid On New Enrollment'.
Wed 30 Jun 2010 8:22:26 AM	4	00022161	(TR0646) Column or filter 'FM Parent Contribution Range' is based on reference '[Impact Of Aid On New Enrollment].[Financial Aid Application].[FM Parent Contribution Range]' which cannot be found in package or report 'PM Impact Of Aid On New Enrollment'.
Wed 30 Jun 2010 8:22:27 AM	4	00022161	(TR0646) Column or filter 'FM Student Contribution Range' is based on reference '[Impact Of Aid On New Enrollment].[Financial Aid Application].[FM Student Contribution Range]' which cannot be found in package or report 'PM Impact Of Aid On New Enrollment'.
Wed 30 Jun 2010 8:22:27 AM	4	00022161	(TR0646) Column or filter 'FM Total Family Income Range' is based on reference '[Impact Of Aid On New Enrollment].[Financial Aid Application].[FM Total Family Income Range]' which cannot be found in package or report 'PM Impact Of Aid On New Enrollment'.
Wed 30 Jun 2010 8:22:28 AM	4	00022161	(TR0646) Column or filter 'IM Expected Family Contribution Range' is based on reference '[Impact Of Aid On New Enrollment].[Financial Aid Application].[IM Expected Family Contribution Range]' which cannot be found in package or report 'PM Impact Of Aid On New Enrollment'.
Wed 30 Jun 2010 8:22:29 AM	4	00022161	(TR0646) Column or filter 'IM Parent Contribution Range' is based on reference '[Impact Of Aid On New Enrollment].[Financial Aid Application].[IM Parent Contribution Range]' which cannot be found in package or report 'PM Impact Of Aid On New Enrollment'.
Wed 30 Jun 2010 8:22:29 AM	4	00022161	(TR0646) Column or filter 'IM Student Contribution Range' is based on reference '[Impact Of Aid On New Enrollment].[Financial Aid Application].[IM Student Contribution Range]' which cannot be found in package or report 'PM Impact Of Aid On New Enrollment'.
Wed 30 Jun 2010 8:22:30 AM	4	00022161	(TR0646) Column or filter 'IM Total Family Income Range' is based on reference '[Impact Of Aid On New Enrollment].[Financial Aid Application].[IM Total Family Income Range]' which cannot be found in package or report 'PM Impact Of Aid On New Enrollment'.
Wed 30 Jun 2010 8:22:30 AM	4	00022161	(TR0646) Column or filter 'Application Complete Ind' is based on reference '[Impact Of Aid On New Enrollment].[Relevant Admissions Record].[Application Complete Ind]' which cannot be found in package or report 'PM Impact Of Aid On New Enrollment'.
Wed 30 Jun 2010 8:22:31 AM	4	00022161	(TR0646) Column or filter 'Admit Age Range' is based on reference '[Impact Of Aid On New Enrollment].[Relevant Admissions Record].[Admit Age Range]' which cannot be found in package or report 'PM Impact Of Aid On New Enrollment'.
Wed 30 Jun 2010 8:22:31 AM	4	00022161	(TR0646) Column or filter 'Student Level' is based on reference '[Impact Of Aid On New Enrollment].[Academic Study].[Student Level]' which cannot be found in package or report 'PM Impact Of Aid On New Enrollment'.
Wed 30 Jun 2010 8:22:32 AM	4	00022161	(TR0646) Column or filter 'Program' is based on reference '[Impact Of Aid On New Enrollment].[Academic Study].[Program]' which cannot be found in package or report 'PM Impact Of Aid On New Enrollment'.
Wed 30 Jun 2010 8:22:32 AM	4	00022161	(TR0646) Column or filter 'Campus' is based on reference '[Impact Of Aid On New Enrollment].[Academic Study].[Campus]' which cannot be found in package or report 'PM Impact Of Aid On New Enrollment'.
Wed 30 Jun 2010 8:22:33 AM	4	00022161	(TR0646) Column or filter 'College' is based on reference '[Impact Of Aid On New Enrollment].[Academic Study].[College]' which cannot be found in package or report 'PM Impact Of Aid On New Enrollment'.
Wed 30 Jun 2010 8:22:34 AM	4	00022161	(TR0646) Column or filter 'Degree' is based on reference '[Impact Of Aid On New Enrollment].[Academic Study].[Degree]' which cannot be found in package or report 'PM Impact Of Aid On New Enrollment'.
Wed 30 Jun 2010 8:22:34 AM	4	00022161	(TR0646) Column or filter 'Major' is based on reference '[Impact Of Aid On New Enrollment].[Academic Study].[Major]' which cannot be found in package or report 'PM Impact Of Aid On New Enrollment'.
Wed 30 Jun 2010 8:22:35 AM	4	00022161	(TR0646) Column or filter 'Department' is based on reference '[Impact Of Aid On New Enrollment].[Academic Study].[Department]' which cannot be found in package or report 'PM Impact Of Aid On New Enrollment'.
Wed 30 Jun 2010 8:22:35 AM	4	00022161	(TR0646) Column or filter 'Gender' is based on reference '[Impact Of Aid On New Enrollment].[Demographic].[Gender]' which cannot be found in package or report 'PM Impact Of Aid On New Enrollment'.
Wed 30 Jun 2010 8:22:36 AM	4	00022161	(TR0646) Column or filter 'Legacy' is based on reference '[Impact Of Aid On New Enrollment].[Demographic].[Legacy]' which cannot be found in package or report 'PM Impact Of Aid On New Enrollment'.
Wed 30 Jun 2010 8:22:36 AM	4	00022161	(TR0646) Column or filter 'Marital Status' is based on reference '[Impact Of Aid On New Enrollment].[Demographic].[Marital Status]' which cannot be found in package or report 'PM Impact Of Aid On New Enrollment'.
Wed 30 Jun 2010 8:22:37 AM	4	00022161	(TR0646) Column or filter 'Minority Ind' is based on reference '[Impact Of Aid On New Enrollment].[Demographic].[Minority Ind]' which cannot be found in package or report 'PM Impact Of Aid On New Enrollment'.
Wed 30 Jun 2010 8:22:37 AM	4	00022161	(TR0646) Column or filter 'Primary Disability' is based on reference '[Impact Of Aid On New Enrollment].[Demographic].[Primary Disability]' which cannot be found in package or report 'PM Impact Of Aid On New Enrollment'.
Wed 30 Jun 2010 8:22:38 AM	4	00022161	(TR0646) Column or filter 'Religion' is based on reference '[Impact Of Aid On New Enrollment].[Demographic].[Religion]' which cannot be found in package or report 'PM Impact Of Aid On New Enrollment'.
Wed 30 Jun 2010 8:22:38 AM	4	00022161	(TR0646) Column or filter 'Traditional Student Ind' is based on reference '[Impact Of Aid On New Enrollment].[Demographic].[Traditional Student Ind]' which cannot be found in package or report 'PM Impact Of Aid On New Enrollment'.
Wed 30 Jun 2010 8:22:39 AM	4	00022161	(TR0646) Column or filter 'ACT Composite Score Range' is based on reference '[Impact Of Aid On New Enrollment].[Test].[ACT Composite Score Range]' which cannot be found in package or report 'PM Impact Of Aid On New Enrollment'.
Wed 30 Jun 2010 8:22:39 AM	4	00022161	(TR0646) Column or filter 'SAT Combined Score Range' is based on reference '[Impact Of Aid On New Enrollment].[Test].[SAT Combined Score Range]' which cannot be found in package or report 'PM Impact Of Aid On New Enrollment'.
Wed 30 Jun 2010 8:22:40 AM	4	00022161	(TR0646) Column or filter 'PERSON_UID' is based on reference '[Impact Of Aid On New Enrollment].[Internal Keys].[PERSON_UID]' which cannot be found in package or report 'PM Impact Of Aid On New Enrollment'.
Wed 30 Jun 2010 8:22:41 AM	4	00022161	(TR0646) Column or filter 'Citizenship Ind' is based on reference '[Impact Of Aid On New Enrollment].[Demographic].[Citizenship Ind]' which cannot be found in package or report 'PM Impact Of Aid On New Enrollment'.
Wed 30 Jun 2010 8:22:41 AM	4	00022161	(TR0646) Column or filter 'Citizenship Type' is based on reference '[Impact Of Aid On New Enrollment].[Demographic].[Citizenship Type]' which cannot be found in package or report 'PM Impact Of Aid On New Enrollment'.
Wed 30 Jun 2010 8:22:42 AM	4	00022161	(TR0646) Column or filter 'Nation Of Citizenship' is based on reference '[Impact Of Aid On New Enrollment].[Demographic].[Nation Of Citizenship]' which cannot be found in package or report 'PM Impact Of Aid On New Enrollment'.
Wed 30 Jun 2010 8:22:42 AM	4	00022161	(TR0646) Column or filter 'Visa Type' is based on reference '[Impact Of Aid On New Enrollment].[Demographic].[Visa Type]' which cannot be found in package or report 'PM Impact Of Aid On New Enrollment'.
Wed 30 Jun 2010 8:22:43 AM	4	00022161	(TR0646) Column or filter 'Ethnicity Category' is based on reference '[Impact Of Aid On New Enrollment].[Demographic].[Ethnicity Category]' which cannot be found in package or report 'PM Impact Of Aid On New Enrollment'.
Wed 30 Jun 2010 8:22:43 AM	4	00022161	(TR0646) Column or filter 'Ethnicity' is based on reference '[Impact Of Aid On New Enrollment].[Demographic].[Ethnicity]' which cannot be found in package or report 'PM Impact Of Aid On New Enrollment'.
Wed 30 Jun 2010 8:22:44 AM	4	00022161	(TR0646) Column or filter 'Aid Period' is based on reference '[Impact Of Aid On New Enrollment].[Financial Aid Application].[Aid Period]' which cannot be found in package or report 'PM Impact Of Aid On New Enrollment'.
Wed 30 Jun 2010 8:22:44 AM	4	00022161	(TR0646) Column or filter 'Budget Group' is based on reference '[Impact Of Aid On New Enrollment].[Financial Aid Application].[Budget Group]' which cannot be found in package or report 'PM Impact Of Aid On New Enrollment'.
Wed 30 Jun 2010 8:22:45 AM	4	00022161	(TR0646) Column or filter 'Cost Of Attendance Range' is based on reference '[Impact Of Aid On New Enrollment].[Financial Aid Application].[Cost Of Attendance Range]' which cannot be found in package or report 'PM Impact Of Aid On New Enrollment'.
Wed 30 Jun 2010 8:22:45 AM	4	00022161	(TR0646) Column or filter 'Packaging Group' is based on reference '[Impact Of Aid On New Enrollment].[Financial Aid Application].[Packaging Group]' which cannot be found in package or report 'PM Impact Of Aid On New Enrollment'.
Wed 30 Jun 2010 8:22:46 AM	4	00022161	(TR0646) Column or filter 'Secondary School' is based on reference '[Impact Of Aid On New Enrollment].[Secondary School].[Secondary School]' which cannot be found in package or report 'PM Impact Of Aid On New Enrollment'.
Wed 30 Jun 2010 8:22:46 AM	4	00022161	(TR0646) Column or filter 'Secondary Diploma' is based on reference '[Impact Of Aid On New Enrollment].[Secondary School].[Secondary Diploma]' which cannot be found in package or report 'PM Impact Of Aid On New Enrollment'.
Wed 30 Jun 2010 8:22:47 AM	4	00022161	(TR0646) Column or filter 'Secondary GPA Range' is based on reference '[Impact Of Aid On New Enrollment].[Secondary School].[Secondary GPA Range]' which cannot be found in package or report 'PM Impact Of Aid On New Enrollment'.
Wed 30 Jun 2010 8:22:48 AM	4	00022161	(TR0646) Column or filter 'Secondary Percentile Range' is based on reference '[Impact Of Aid On New Enrollment].[Secondary School].[Secondary Percentile Range]' which cannot be found in package or report 'PM Impact Of Aid On New Enrollment'.
Wed 30 Jun 2010 8:22:48 AM	4	00022161	(TR0646) Column or filter 'Secondary School Geographic Region' is based on reference '[Impact Of Aid On New Enrollment].[Secondary School].[Secondary School Geographic Region]' which cannot be found in package or report 'PM Impact Of Aid On New Enrollment'.
Wed 30 Jun 2010 8:22:49 AM	4	00022161	(TR0646) Column or filter 'Secondary School Nation' is based on reference '[Impact Of Aid On New Enrollment].[Secondary School].[Secondary School Nation]' which cannot be found in package or report 'PM Impact Of Aid On New Enrollment'.
Wed 30 Jun 2010 8:22:49 AM	4	00022161	(TR0646) Column or filter 'Secondary School State Province' is based on reference '[Impact Of Aid On New Enrollment].[Secondary School].[Secondary School State Province]' which cannot be found in package or report 'PM Impact Of Aid On New Enrollment'.
Wed 30 Jun 2010 8:22:50 AM	4	00022161	(TR0646) Column or filter 'Secondary School County' is based on reference '[Impact Of Aid On New Enrollment].[Secondary School].[Secondary School County]' which cannot be found in package or report 'PM Impact Of Aid On New Enrollment'.
Wed 30 Jun 2010 8:22:50 AM	4	00022161	(TR0646) Column or filter 'Secondary School City' is based on reference '[Impact Of Aid On New Enrollment].[Secondary School].[Secondary School City]' which cannot be found in package or report 'PM Impact Of Aid On New Enrollment'.
Wed 30 Jun 2010 8:22:51 AM	4	00022161	(TR0646) Column or filter 'APPLICATION_UNIQUE_KEY' is based on reference '[Impact Of Aid On New Enrollment].[Internal Keys].[APPLICATION_UNIQUE_KEY]' which cannot be found in package or report 'PM Impact Of Aid On New Enrollment'.
Wed 30 Jun 2010 8:22:51 AM	4	00022161	(TR0646) Column or filter 'FINANCIAL_AID_APPLICATION_KEY' is based on reference '[Impact Of Aid On New Enrollment].[Internal Keys].[FINANCIAL_AID_APPLICATION_KEY]' which cannot be found in package or report 'PM Impact Of Aid On New Enrollment'.
Wed 30 Jun 2010 8:22:52 AM	4	00022161	(TR0646) Column or filter 'Cost Of Attendance' is based on reference '[Impact Of Aid On New Enrollment].[Financial Aid Application].[Cost Of Attendance]' which cannot be found in package or report 'PM Impact Of Aid On New Enrollment'.
Wed 30 Jun 2010 8:22:52 AM	4	00022161	(TR0646) Column or filter 'Total Federal Offer' is based on reference '[Impact Of Aid On New Enrollment].[Financial Aid Application].[Total Federal Offer]' which cannot be found in package or report 'PM Impact Of Aid On New Enrollment'.
Wed 30 Jun 2010 8:22:53 AM	4	00022161	(TR0646) Column or filter 'Total Institution Offer' is based on reference '[Impact Of Aid On New Enrollment].[Financial Aid Application].[Total Institution Offer]' which cannot be found in package or report 'PM Impact Of Aid On New Enrollment'.
Wed 30 Jun 2010 8:22:53 AM	4	00022161	(TR0646) Column or filter 'Total State Offer' is based on reference '[Impact Of Aid On New Enrollment].[Financial Aid Application].[Total State Offer]' which cannot be found in package or report 'PM Impact Of Aid On New Enrollment'.
Wed 30 Jun 2010 8:22:54 AM	4	00022161	(TR0646) Column or filter 'Total Other Offer' is based on reference '[Impact Of Aid On New Enrollment].[Financial Aid Application].[Total Other Offer]' which cannot be found in package or report 'PM Impact Of Aid On New Enrollment'.
Wed 30 Jun 2010 8:22:54 AM	4	00022161	(TR0646) Column or filter 'Total Grant Offer' is based on reference '[Impact Of Aid On New Enrollment].[Financial Aid Application].[Total Grant Offer]' which cannot be found in package or report 'PM Impact Of Aid On New Enrollment'.
Wed 30 Jun 2010 8:22:55 AM	4	00022161	(TR0646) Column or filter 'Total Loan Offer' is based on reference '[Impact Of Aid On New Enrollment].[Financial Aid Application].[Total Loan Offer]' which cannot be found in package or report 'PM Impact Of Aid On New Enrollment'.
Wed 30 Jun 2010 8:22:55 AM	4	00022161	(TR0646) Column or filter 'Total Scholarship Offer' is based on reference '[Impact Of Aid On New Enrollment].[Financial Aid Application].[Total Scholarship Offer]' which cannot be found in package or report 'PM Impact Of Aid On New Enrollment'.
Wed 30 Jun 2010 8:22:56 AM	4	00022161	(TR0646) Column or filter 'Total Work Offer' is based on reference '[Impact Of Aid On New Enrollment].[Financial Aid Application].[Total Work Offer]' which cannot be found in package or report 'PM Impact Of Aid On New Enrollment'.
Wed 30 Jun 2010 8:22:57 AM	4	00022161	(TR0646) Column or filter 'Total Gift Aid Offer' is based on reference '[Impact Of Aid On New Enrollment].[Financial Aid Application].[Total Gift Aid Offer]' which cannot be found in package or report 'PM Impact Of Aid On New Enrollment'.
Wed 30 Jun 2010 8:22:57 AM	4	00022161	(TR0646) Column or filter 'Total Self Help Aid Offer' is based on reference '[Impact Of Aid On New Enrollment].[Financial Aid Application].[Total Self Help Aid Offer]' which cannot be found in package or report 'PM Impact Of Aid On New Enrollment'.
Wed 30 Jun 2010 8:22:58 AM	4	00022161	(TR0646) Column or filter 'Inquired Ind' is based on reference '[Impact Of Aid On New Enrollment].[Pre Student Status].[Inquired Ind]' which cannot be found in package or report 'PM Impact Of Aid On New Enrollment'.
Wed 30 Jun 2010 8:22:58 AM	4	00022161	(TR0646) Column or filter 'Applied Ind' is based on reference '[Impact Of Aid On New Enrollment].[Pre Student Status].[Applied Ind]' which cannot be found in package or report 'PM Impact Of Aid On New Enrollment'.
Wed 30 Jun 2010 8:22:59 AM	4	00022161	(TR0646) Column or filter 'Admitted Ind' is based on reference '[Impact Of Aid On New Enrollment].[Pre Student Status].[Admitted Ind]' which cannot be found in package or report 'PM Impact Of Aid On New Enrollment'.
Wed 30 Jun 2010 8:22:59 AM	4	00022161	(TR0646) Column or filter 'Accepted Ind' is based on reference '[Impact Of Aid On New Enrollment].[Pre Student Status].[Accepted Ind]' which cannot be found in package or report 'PM Impact Of Aid On New Enrollment'.
Wed 30 Jun 2010 8:23:00 AM	4	00022161	(TR0646) Column or filter 'Tuition Deposited Ind' is based on reference '[Impact Of Aid On New Enrollment].[Pre Student Status].[Tuition Deposited Ind]' which cannot be found in package or report 'PM Impact Of Aid On New Enrollment'.
Wed 30 Jun 2010 8:23:00 AM	4	00022161	(TR0646) Column or filter 'Enrolled Ind' is based on reference '[Impact Of Aid On New Enrollment].[Pre Student Status].[Enrolled Ind]' which cannot be found in package or report 'PM Impact Of Aid On New Enrollment'.
Wed 30 Jun 2010 8:23:01 AM	4	00022161	(TR0646) Column or filter 'Residency' is based on reference '[Impact Of Aid On New Enrollment].[Student].[Residency]' which cannot be found in package or report 'PM Impact Of Aid On New Enrollment'.
Wed 30 Jun 2010 8:23:01 AM	4	00022161	(TR0646) Column or filter 'Residency Description' is based on reference '[Impact Of Aid On New Enrollment].[Student].[Residency Description]' which cannot be found in package or report 'PM Impact Of Aid On New Enrollment'.
Wed 30 Jun 2010 8:23:02 AM	4	00022161	(TR0646) Column or filter 'Residency Ind' is based on reference '[Impact Of Aid On New Enrollment].[Student].[Residency Ind]' which cannot be found in package or report 'PM Impact Of Aid On New Enrollment'.
Wed 30 Jun 2010 8:23:02 AM	4	00022161	(TR0646) Column or filter 'Residency Ind Description' is based on reference '[Impact Of Aid On New Enrollment].[Student].[Residency Ind Description]' which cannot be found in package or report 'PM Impact Of Aid On New Enrollment'.
Wed 30 Jun 2010 8:23:03 AM	4	00022161	(TR0646) Column or filter 'Total Offer' is based on reference '[Impact Of Aid On New Enrollment].[Financial Aid Application].[Total Offer]' which cannot be found in package or report 'PM Impact Of Aid On New Enrollment'.
Wed 30 Jun 2010 8:23:03 AM	4	00022161	(TR0646) Column or filter 'Post Secondary GPA Range' is based on reference '[Impact Of Aid On New Enrollment].[Post Secondary School - Highest Degree].[Post Secondary GPA Range]' which cannot be found in package or report 'PM Impact Of Aid On New Enrollment'.
Wed 30 Jun 2010 8:23:04 AM	4	00022161	(TR0646) Column or filter 'Post Secondary GPA Range Description' is based on reference '[Impact Of Aid On New Enrollment].[Post Secondary School - Highest Degree].[Post Secondary GPA Range Description]' which cannot be found in package or report 'PM Impact Of Aid On New Enrollment'.
Wed 30 Jun 2010 8:23:05 AM	4	00022161	(TR0646) Column or filter 'Post Secondary Degree Awarded Ind' is based on reference '[Impact Of Aid On New Enrollment].[Post Secondary School - Highest Degree].[Post Secondary Degree Awarded Ind]' which cannot be found in package or report 'PM Impact Of Aid On New Enrollment'.
Wed 30 Jun 2010 8:23:05 AM	4	00022161	(TR0646) Column or filter 'Post Secondary Degree Awarded Ind Description' is based on reference '[Impact Of Aid On New Enrollment].[Post Secondary School - Highest Degree].[Post Secondary Degree Awarded Ind Description]' which cannot be found in package or report 'PM Impact Of Aid On New Enrollment'.
Wed 30 Jun 2010 8:23:06 AM	4	00022161	(TR0646) Column or filter 'Post Secondary GPA' is based on reference '[Impact Of Aid On New Enrollment].[Post Secondary School - Highest Degree].[Post Secondary GPA]' which cannot be found in package or report 'PM Impact Of Aid On New Enrollment'.
Wed 30 Jun 2010 8:23:06 AM	4	00022161	(TR0646) Column or filter 'FM Gross Need' is based on reference '[Impact Of Aid On New Enrollment].[Financial Aid Application].[FM Gross Need]' which cannot be found in package or report 'PM Impact Of Aid On New Enrollment'.
Wed 30 Jun 2010 8:23:07 AM	4	00022161	(TR0646) Column or filter 'FM Unmet Need' is based on reference '[Impact Of Aid On New Enrollment].[Financial Aid Application].[FM Unmet Need]' which cannot be found in package or report 'PM Impact Of Aid On New Enrollment'.
Wed 30 Jun 2010 8:23:07 AM	4	00022161	(TR0646) Column or filter 'IM Gross Need' is based on reference '[Impact Of Aid On New Enrollment].[Financial Aid Application].[IM Gross Need]' which cannot be found in package or report 'PM Impact Of Aid On New Enrollment'.
Wed 30 Jun 2010 8:23:08 AM	4	00022161	(TR0646) Column or filter 'IM Unmet Need' is based on reference '[Impact Of Aid On New Enrollment].[Financial Aid Application].[IM Unmet Need]' which cannot be found in package or report 'PM Impact Of Aid On New Enrollment'.
Wed 30 Jun 2010 8:23:08 AM	4	00022161	(TR0646) Column or filter 'Aid Status Ind' is based on reference '[Impact Of Aid On New Enrollment].[Financial Aid Headcounts And Indicators].[Aid Status Ind]' which cannot be found in package or report 'PM Impact Of Aid On New Enrollment'.
Wed 30 Jun 2010 8:23:09 AM	4	00022161	(TR0646) Column or filter 'Aid Status Ind Description' is based on reference '[Impact Of Aid On New Enrollment].[Financial Aid Headcounts And Indicators].[Aid Status Ind Description]' which cannot be found in package or report 'PM Impact Of Aid On New Enrollment'.
Wed 30 Jun 2010 8:23:09 AM	4	00022161	(TR0646) Column or filter 'Other Resource Ind' is based on reference '[Impact Of Aid On New Enrollment].[Financial Aid Headcounts And Indicators].[Other Resource Ind]' which cannot be found in package or report 'PM Impact Of Aid On New Enrollment'.
Wed 30 Jun 2010 8:23:10 AM	4	00022161	(TR0646) Column or filter 'Other Resource Ind Description' is based on reference '[Impact Of Aid On New Enrollment].[Financial Aid Headcounts And Indicators].[Other Resource Ind Description]' which cannot be found in package or report 'PM Impact Of Aid On New Enrollment'.
Wed 30 Jun 2010 8:23:10 AM	4	00022161	(TR0646) Column or filter 'Aid Applicant Ind Description' is based on reference '[Impact Of Aid On New Enrollment].[Financial Aid Headcounts And Indicators].[Aid Applicant Ind Description]' which cannot be found in package or report 'PM Impact Of Aid On New Enrollment'.
Wed 30 Jun 2010 8:23:11 AM	4	00022161	(TR0646) Column or filter 'FM Aid Applicant Ind' is based on reference '[Impact Of Aid On New Enrollment].[Financial Aid Headcounts And Indicators].[FM Aid Applicant Ind]' which cannot be found in package or report 'PM Impact Of Aid On New Enrollment'.
Wed 30 Jun 2010 8:23:12 AM	4	00022161	(TR0646) Column or filter 'FM Aid Applicant Ind Description' is based on reference '[Impact Of Aid On New Enrollment].[Financial Aid Headcounts And Indicators].[FM Aid Applicant Ind Description]' which cannot be found in package or report 'PM Impact Of Aid On New Enrollment'.
Wed 30 Jun 2010 8:23:12 AM	4	00022161	(TR0646) Column or filter 'IM Aid Applicant Ind' is based on reference '[Impact Of Aid On New Enrollment].[Financial Aid Headcounts And Indicators].[IM Aid Applicant Ind]' which cannot be found in package or report 'PM Impact Of Aid On New Enrollment'.
Wed 30 Jun 2010 8:23:13 AM	4	00022161	(TR0646) Column or filter 'IM Aid Applicant Ind Description' is based on reference '[Impact Of Aid On New Enrollment].[Financial Aid Headcounts And Indicators].[IM Aid Applicant Ind Description]' which cannot be found in package or report 'PM Impact Of Aid On New Enrollment'.
Wed 30 Jun 2010 8:23:13 AM	4	00022161	(TR0646) Column or filter 'Aid Offered Ind Description' is based on reference '[Impact Of Aid On New Enrollment].[Financial Aid Headcounts And Indicators].[Aid Offered Ind Description]' which cannot be found in package or report 'PM Impact Of Aid On New Enrollment'.
Wed 30 Jun 2010 8:23:14 AM	4	00022161	(TR0646) Column or filter 'Aid Accepted Ind Description' is based on reference '[Impact Of Aid On New Enrollment].[Financial Aid Headcounts And Indicators].[Aid Accepted Ind Description]' which cannot be found in package or report 'PM Impact Of Aid On New Enrollment'.
Wed 30 Jun 2010 8:23:14 AM	4	00022161	(TR0646) Column or filter 'Aid Declined Ind Description' is based on reference '[Impact Of Aid On New Enrollment].[Financial Aid Headcounts And Indicators].[Aid Declined Ind Description]' which cannot be found in package or report 'PM Impact Of Aid On New Enrollment'.
Wed 30 Jun 2010 8:23:15 AM	4	00022161	(TR0646) Column or filter 'Aid Canceled Ind Description' is based on reference '[Impact Of Aid On New Enrollment].[Financial Aid Headcounts And Indicators].[Aid Canceled Ind Description]' which cannot be found in package or report 'PM Impact Of Aid On New Enrollment'.
Wed 30 Jun 2010 8:23:16 AM	4	00022161	(TR0646) Column or filter 'Aid Paid Ind Description' is based on reference '[Impact Of Aid On New Enrollment].[Financial Aid Headcounts And Indicators].[Aid Paid Ind Description]' which cannot be found in package or report 'PM Impact Of Aid On New Enrollment'.
Wed 30 Jun 2010 8:23:16 AM	4	00022161	(TR0646) Column or filter 'Total Resource Amount' is based on reference '[Impact Of Aid On New Enrollment].[Financial Aid Application].[Total Resource Amount]' which cannot be found in package or report 'PM Impact Of Aid On New Enrollment'.
Wed 30 Jun 2010 8:23:17 AM	4	00022161	(TR0646) Column or filter 'Gift Aid Offered Ind' is based on reference '[Impact Of Aid On New Enrollment].[Financial Aid Headcounts And Indicators].[Gift Aid Offered Ind]' which cannot be found in package or report 'PM Impact Of Aid On New Enrollment'.
Wed 30 Jun 2010 8:23:17 AM	4	00022161	(TR0646) Column or filter 'Gift Aid Offered Ind Description' is based on reference '[Impact Of Aid On New Enrollment].[Financial Aid Headcounts And Indicators].[Gift Aid Offered Ind Description]' which cannot be found in package or report 'PM Impact Of Aid On New Enrollment'.
Wed 30 Jun 2010 8:23:18 AM	4	00022161	(TR0646) Column or filter 'Self Help Aid Offered Ind' is based on reference '[Impact Of Aid On New Enrollment].[Financial Aid Headcounts And Indicators].[Self Help Aid Offered Ind]' which cannot be found in package or report 'PM Impact Of Aid On New Enrollment'.
Wed 30 Jun 2010 8:23:18 AM	4	00022161	(TR0646) Column or filter 'Self Help Aid Offered Ind Description' is based on reference '[Impact Of Aid On New Enrollment].[Financial Aid Headcounts And Indicators].[Self Help Aid Offered Ind Description]' which cannot be found in package or report 'PM Impact Of Aid On New Enrollment'.
Wed 30 Jun 2010 8:23:19 AM	4	00022161	(TR0646) Column or filter 'Federal Aid Offered Ind' is based on reference '[Impact Of Aid On New Enrollment].[Financial Aid Headcounts And Indicators].[Federal Aid Offered Ind]' which cannot be found in package or report 'PM Impact Of Aid On New Enrollment'.
Wed 30 Jun 2010 8:23:19 AM	4	00022161	(TR0646) Column or filter 'Federal Aid Offered Ind Description' is based on reference '[Impact Of Aid On New Enrollment].[Financial Aid Headcounts And Indicators].[Federal Aid Offered Ind Description]' which cannot be found in package or report 'PM Impact Of Aid On New Enrollment'.
Wed 30 Jun 2010 8:23:20 AM	4	00022161	(TR0646) Column or filter 'Institution Aid Offered Ind' is based on reference '[Impact Of Aid On New Enrollment].[Financial Aid Headcounts And Indicators].[Institution Aid Offered Ind]' which cannot be found in package or report 'PM Impact Of Aid On New Enrollment'.
Wed 30 Jun 2010 8:23:20 AM	4	00022161	(TR0646) Column or filter 'Institution Aid Offered Ind Description' is based on reference '[Impact Of Aid On New Enrollment].[Financial Aid Headcounts And Indicators].[Institution Aid Offered Ind Description]' which cannot be found in package or report 'PM Impact Of Aid On New Enrollment'.
Wed 30 Jun 2010 8:23:21 AM	4	00022161	(TR0646) Column or filter 'State Aid Offered Ind' is based on reference '[Impact Of Aid On New Enrollment].[Financial Aid Headcounts And Indicators].[State Aid Offered Ind]' which cannot be found in package or report 'PM Impact Of Aid On New Enrollment'.
Wed 30 Jun 2010 8:23:21 AM	4	00022161	(TR0646) Column or filter 'State Aid Offered Ind Description' is based on reference '[Impact Of Aid On New Enrollment].[Financial Aid Headcounts And Indicators].[State Aid Offered Ind Description]' which cannot be found in package or report 'PM Impact Of Aid On New Enrollment'.
Wed 30 Jun 2010 8:23:22 AM	4	00022161	(TR0646) Column or filter 'Other Aid Offered Ind' is based on reference '[Impact Of Aid On New Enrollment].[Financial Aid Headcounts And Indicators].[Other Aid Offered Ind]' which cannot be found in package or report 'PM Impact Of Aid On New Enrollment'.
Wed 30 Jun 2010 8:23:22 AM	4	00022161	(TR0646) Column or filter 'Other Aid Offered Ind Description' is based on reference '[Impact Of Aid On New Enrollment].[Financial Aid Headcounts And Indicators].[Other Aid Offered Ind Description]' which cannot be found in package or report 'PM Impact Of Aid On New Enrollment'.
Wed 30 Jun 2010 8:23:23 AM	4	00022161	(TR0646) Column or filter 'Grant Aid Offered Ind' is based on reference '[Impact Of Aid On New Enrollment].[Financial Aid Headcounts And Indicators].[Grant Aid Offered Ind]' which cannot be found in package or report 'PM Impact Of Aid On New Enrollment'.
Wed 30 Jun 2010 8:23:29 AM	4	00022161	(TR0646) Column or filter 'Grant Aid Offered Ind Description' is based on reference '[Impact Of Aid On New Enrollment].[Financial Aid Headcounts And Indicators].[Grant Aid Offered Ind Description]' which cannot be found in package or report 'PM Impact Of Aid On New Enrollment'.
Wed 30 Jun 2010 8:23:30 AM	4	00022161	(TR0646) Column or filter 'Loan Aid Offered Ind' is based on reference '[Impact Of Aid On New Enrollment].[Financial Aid Headcounts And Indicators].[Loan Aid Offered Ind]' which cannot be found in package or report 'PM Impact Of Aid On New Enrollment'.
Wed 30 Jun 2010 8:23:30 AM	4	00022161	(TR0646) Column or filter 'Loan Aid Offered Ind Description' is based on reference '[Impact Of Aid On New Enrollment].[Financial Aid Headcounts And Indicators].[Loan Aid Offered Ind Description]' which cannot be found in package or report 'PM Impact Of Aid On New Enrollment'.
Wed 30 Jun 2010 8:23:31 AM	4	00022161	(TR0646) Column or filter 'Scholarship Aid Offered Ind' is based on reference '[Impact Of Aid On New Enrollment].[Financial Aid Headcounts And Indicators].[Scholarship Aid Offered Ind]' which cannot be found in package or report 'PM Impact Of Aid On New Enrollment'.
Wed 30 Jun 2010 8:23:32 AM	4	00022161	(TR0646) Column or filter 'Scholarship Aid Offered Ind Description' is based on reference '[Impact Of Aid On New Enrollment].[Financial Aid Headcounts And Indicators].[Scholarship Aid Offered Ind Description]' which cannot be found in package or report 'PM Impact Of Aid On New Enrollment'.
Wed 30 Jun 2010 8:23:32 AM	4	00022161	(TR0646) Column or filter 'Work Aid Offered Ind' is based on reference '[Impact Of Aid On New Enrollment].[Financial Aid Headcounts And Indicators].[Work Aid Offered Ind]' which cannot be found in package or report 'PM Impact Of Aid On New Enrollment'.
Wed 30 Jun 2010 8:23:33 AM	4	00022161	(TR0646) Column or filter 'Work Aid Offered Ind Description' is based on reference '[Impact Of Aid On New Enrollment].[Financial Aid Headcounts And Indicators].[Work Aid Offered Ind Description]' which cannot be found in package or report 'PM Impact Of Aid On New Enrollment'.
Wed 30 Jun 2010 8:23:33 AM	4	00022161	(TR0646) Column or filter 'Total Institution Gift Aid Offer' is based on reference '[Impact Of Aid On New Enrollment].[Financial Aid Application].[Total Institution Gift Aid Offer]' which cannot be found in package or report 'PM Impact Of Aid On New Enrollment'.
Wed 30 Jun 2010 8:23:34 AM	4	00022161	(TR0646) Column or filter 'Admissions Record - Aid Year' is based on reference '[Impact Of Aid On New Enrollment].[Internal Keys].[Admissions Record - Aid Year]' which cannot be found in package or report 'PM Impact Of Aid On New Enrollment'.
Wed 30 Jun 2010 8:23:34 AM	4	00022161	(TR0646) Column or filter 'Admissions Record - Academic Period' is based on reference '[Impact Of Aid On New Enrollment].[Internal Keys].[Admissions Record - Academic Period]' which cannot be found in package or report 'PM Impact Of Aid On New Enrollment'.
Wed 30 Jun 2010 8:23:34 AM	2	00022161	Error:  (TR0649) One or more columns or filters cannot be found in datasource 'PM Impact Of Aid On New Enrollment~1'. [->OK]
Wed 30 Jun 2010 8:23:34 AM	2	00022161	Check model is finished.  1 error(s), 0 warning(s) found. [->OK]
Transformer  Wed Jun 30 08:24:12 2010
